<?xml version="1.0" encoding="UTF-8"?>
<testng-results ignored="0" total="1" passed="1" failed="0" skipped="0">
  <reporter-output>
  </reporter-output>
  <suite started-at="2022-03-25T11:03:27 IST" name="Default suite" finished-at="2022-03-25T11:04:04 IST" duration-ms="37162">
    <groups>
    </groups>
    <test started-at="2022-03-25T11:03:27 IST" name="Default test" finished-at="2022-03-25T11:04:04 IST" duration-ms="37162">
      <class name="testCases.Logintestcase">
        <test-method is-config="true" signature="launchbrowser()[pri:0, instance:testCases.Logintestcase@15eb5ee5]" started-at="2022-03-25T11:03:27 IST" name="launchbrowser" finished-at="2022-03-25T11:04:03 IST" duration-ms="35634" status="PASS">
          <reporter-output>
          </reporter-output>
        </test-method> <!-- launchbrowser -->
        <test-method signature="Login()[pri:0, instance:testCases.Logintestcase@15eb5ee5]" started-at="2022-03-25T11:04:03 IST" name="Login" finished-at="2022-03-25T11:04:04 IST" duration-ms="1305" status="PASS">
          <reporter-output>
          </reporter-output>
        </test-method> <!-- Login -->
        <test-method is-config="true" signature="closebrowser()[pri:0, instance:testCases.Logintestcase@15eb5ee5]" started-at="2022-03-25T11:04:04 IST" name="closebrowser" finished-at="2022-03-25T11:04:04 IST" duration-ms="177" status="PASS">
          <reporter-output>
          </reporter-output>
        </test-method> <!-- closebrowser -->
      </class> <!-- testCases.Logintestcase -->
    </test> <!-- Default test -->
  </suite> <!-- Default suite -->
</testng-results>
