<?xml version="1.0" encoding="UTF-8"?>
<testng-results ignored="0" total="1" passed="1" failed="0" skipped="0">
  <reporter-output>
  </reporter-output>
  <suite started-at="2022-03-25T11:09:42 IST" name="testCases" finished-at="2022-03-25T11:09:46 IST" duration-ms="4332">
    <groups>
    </groups>
    <test started-at="2022-03-25T11:09:42 IST" name="Logintestcase" finished-at="2022-03-25T11:09:46 IST" duration-ms="4332">
      <class name="testCases.Logintestcase">
        <test-method is-config="true" signature="launchbrowser()[pri:0, instance:testCases.Logintestcase@15eb5ee5]" started-at="2022-03-25T11:09:42 IST" name="launchbrowser" finished-at="2022-03-25T11:09:45 IST" duration-ms="2975" status="PASS">
          <reporter-output>
          </reporter-output>
        </test-method> <!-- launchbrowser -->
        <test-method signature="Login()[pri:0, instance:testCases.Logintestcase@15eb5ee5]" started-at="2022-03-25T11:09:45 IST" name="Login" finished-at="2022-03-25T11:09:46 IST" duration-ms="1139" status="PASS">
          <reporter-output>
          </reporter-output>
        </test-method> <!-- Login -->
        <test-method is-config="true" signature="closebrowser()[pri:0, instance:testCases.Logintestcase@15eb5ee5]" started-at="2022-03-25T11:09:46 IST" name="closebrowser" finished-at="2022-03-25T11:09:46 IST" duration-ms="176" status="PASS">
          <reporter-output>
          </reporter-output>
        </test-method> <!-- closebrowser -->
      </class> <!-- testCases.Logintestcase -->
    </test> <!-- Logintestcase -->
  </suite> <!-- testCases -->
</testng-results>
